27 : 2021-11-23 18:29:14,209 : Index(['Unnamed: 0', '7/17/2021', 'Number of statements',
       'No. of  iterations in outer', 'No. of  iterations in inner',
       'No. of statements in outer ', 'No. of statements in inner',
       'Number of loops', 'levels of nested loops', 'total  iterations ',
       '# of Complex Variables', 'CC*', 'function calls', 'branches ', 'SWPP',
       'Number of inputs', 'Number of outputs', 'Sizes of input data (byte)',
       'Sizes of output data (byte)', 'No. 0f iterations* statement inner',
       'repeating time', 'Ajusted execution time', 'execution time'],
      dtype='object')
31 : 2021-11-23 18:29:14,209 : 0      150
1        2
2        1
3        1
4        1
5        1
6        1
7        1
8        1
9        2
10       2
11       2
12       1
13       1
14       1
15       1
16      40
17    1000
18      20
19       4
20       1
21      25
22     500
23       1
24      30
25       4
26       1
27       6
28      42
29       6
30       1
31     169
32     102
Name: repeating time, dtype: int64
35 : 2021-11-23 18:29:14,217 : 0     0.149149
1     0.001001
2     0.000000
3     0.000000
4     0.000000
5     0.000000
6     0.000000
7     0.000000
8     0.000000
9     0.001001
10    0.001001
11    0.001001
12    0.000000
13    0.000000
14    0.000000
15    0.000000
16    0.039039
17    1.000000
18    0.019019
19    0.003003
20    0.000000
21    0.024024
22    0.499499
23    0.000000
24    0.029029
25    0.003003
26    0.000000
27    0.005005
28    0.041041
29    0.005005
30    0.000000
31    0.168168
32    0.101101
Name: repeating time, dtype: float64
37 : 2021-11-23 18:29:14,225 : BEFORE SPELLC:
Index(['Unnamed: 0', '7/17/2021', 'Number of statements',
       'No. of  iterations in outer', 'No. of  iterations in inner',
       'No. of statements in outer ', 'No. of statements in inner',
       'Number of loops', 'levels of nested loops', 'total  iterations ',
       '# of Complex Variables', 'CC*', 'function calls', 'branches ', 'SWPP',
       'Number of inputs', 'Number of outputs', 'Sizes of input data (byte)',
       'Sizes of output data (byte)', 'No. 0f iterations* statement inner',
       'repeating time', 'Ajusted execution time', 'execution time'],
      dtype='object')
41 : 2021-11-23 18:29:14,225 : Index(['Unnamed: 0', '7/17/2021', 'Number of statements',
       'No. of  iterations in outer', 'No. of  iterations in inner',
       'No. of statements in outer ', 'No. of statements in inner',
       'Number of loops', 'levels of nested loops', 'total  iterations ',
       '# of Complex Variables', 'CC*', 'function calls', 'branches ', 'SWPP',
       'Number of inputs', 'Number of outputs', 'Sizes of input data (byte)',
       'Sizes of output data (byte)', 'No. 0f iterations* statement inner',
       'repeating time', 'adjusted execution time', 'execution time'],
      dtype='object')
45 : 2021-11-23 18:29:14,233 : 0     0.149149
1     0.001001
2     0.000000
3     0.000000
4     0.000000
5     0.000000
6     0.000000
7     0.000000
8     0.000000
9     0.001001
10    0.001001
11    0.001001
12    0.000000
13    0.000000
14    0.000000
15    0.000000
16    0.039039
17    1.000000
18    0.019019
19    0.003003
20    0.000000
21    0.024024
22    0.499499
23    0.000000
24    0.029029
25    0.003003
26    0.000000
27    0.005005
28    0.041041
29    0.005005
30    0.000000
31    0.168168
32    0.101101
Name: repeating time, dtype: float64
