29 : 2021-11-16 13:43:29,615 : 

30 : 2021-11-16 13:43:29,615 : 0     0.000000
1     0.000000
2     0.000000
3     0.049383
4     0.049383
5     0.049383
6     0.074074
7     0.074074
8     0.074074
9     0.104938
10    0.104938
11    0.104938
12    1.000000
13    1.000000
14    1.000000
15    1.000000
16    0.037037
17    0.067901
18    0.024691
19    0.160494
20    0.154321
21    0.179012
22    0.086420
23    0.246914
24    0.179012
25    0.030864
26    0.080247
27    0.216049
28    0.030864
29    0.203704
30    0.148148
31    0.339506
32    0.135802
Name: Number of statements, dtype: float64
29 : 2021-11-16 13:43:29,619 : 

30 : 2021-11-16 13:43:29,620 : 0     0.000122
1     0.000260
2     0.000538
3     0.017761
4     0.017761
5     0.017761
6     0.001372
7     0.001198
8     0.002240
9     0.000122
10    0.000122
11    0.000122
12    0.000712
13    0.000712
14    0.000712
15    0.000712
16    0.002934
17    0.000000
18    0.000278
19    0.001372
20    0.019983
21    0.000087
22    0.000000
23    0.001163
24    0.000017
25    0.000000
26    1.000000
27    0.000156
28    0.000035
29    0.000156
30    0.000000
31    0.000035
32    0.000035
Name: No. of  iterations in outer, dtype: float64
29 : 2021-11-16 13:43:29,624 : 

30 : 2021-11-16 13:43:29,624 : 0     0.007937
1     0.847118
2     0.402673
3     0.001671
4     0.000835
5     0.000000
6     0.211362
7     0.014202
8     0.081036
9     0.291562
10    0.291562
11    0.291562
12    0.104428
13    0.104428
14    0.104428
15    0.104428
16    0.005013
17    0.000000
18    0.197995
19    0.014202
20    0.005848
21    0.117794
22    0.004177
23    0.064327
24    0.000000
25    1.000000
26    0.002506
27    0.472013
28    0.248120
29    0.472013
30    1.000000
31    0.000000
32    0.000000
Name: No. of  iterations in inner, dtype: float64
29 : 2021-11-16 13:43:29,630 : 

30 : 2021-11-16 13:43:29,630 : 0     0.096774
1     0.096774
2     0.096774
3     0.161290
4     0.161290
5     0.161290
6     0.129032
7     0.129032
8     0.129032
9     0.161290
10    0.161290
11    0.161290
12    0.290323
13    0.290323
14    0.290323
15    0.290323
16    0.258065
17    0.258065
18    0.096774
19    0.032258
20    0.451613
21    0.129032
22    0.290323
23    1.000000
24    0.161290
25    0.000000
26    0.064516
27    0.548387
28    0.000000
29    0.548387
30    0.000000
31    0.032258
32    0.032258
Name: No. of statements in outer , dtype: float64
29 : 2021-11-16 13:43:29,634 : 

30 : 2021-11-16 13:43:29,634 : 0     0.000000
1     0.000000
2     0.000000
3     0.020833
4     0.020833
5     0.020833
6     0.187500
7     0.187500
8     0.187500
9     0.250000
10    0.250000
11    0.250000
12    0.958333
13    0.958333
14    0.958333
15    0.958333
16    0.020833
17    0.104167
18    0.000000
19    0.083333
20    0.041667
21    0.166667
22    0.166667
23    0.000000
24    0.437500
25    0.145833
26    0.333333
27    0.312500
28    0.083333
29    0.312500
30    0.562500
31    1.000000
32    0.500000
Name: No. of statements in inner, dtype: float64
29 : 2021-11-16 13:43:29,638 : 

30 : 2021-11-16 13:43:29,639 : 0     0.00
1     0.00
2     0.00
3     0.25
4     0.25
5     0.25
6     0.00
7     0.00
8     0.00
9     0.25
10    0.25
11    0.25
12    0.25
13    0.25
14    0.25
15    0.25
16    0.00
17    0.00
18    0.00
19    0.50
20    1.00
21    0.25
22    0.00
23    0.50
24    0.25
25    0.25
26    0.00
27    0.00
28    0.25
29    0.00
30    0.00
31    0.50
32    0.00
Name: Number of loops, dtype: float64
29 : 2021-11-16 13:43:29,644 : 

30 : 2021-11-16 13:43:29,645 : 0     0.5
1     0.5
2     0.5
3     1.0
4     1.0
5     1.0
6     0.5
7     0.5
8     0.5
9     1.0
10    1.0
11    1.0
12    0.5
13    0.5
14    0.5
15    0.5
16    0.5
17    0.0
18    0.5
19    0.5
20    1.0
21    1.0
22    0.0
23    1.0
24    1.0
25    0.0
26    0.5
27    1.0
28    0.0
29    1.0
30    0.0
31    0.0
32    0.5
Name: levels of nested loops, dtype: float64
29 : 2021-11-16 13:43:29,652 : 

30 : 2021-11-16 13:43:29,653 : 0     0.000374
1     0.062767
2     0.059866
3     0.019742
4     0.015791
5     0.011840
6     0.079002
7     0.005390
8     0.050143
9     0.010849
10    0.010849
11    0.010849
12    0.020729
13    0.020729
14    0.020729
15    0.020729
16    0.005891
17    0.000000
18    0.015729
19    0.006161
20    0.044433
21    0.003322
22    0.000019
23    0.020976
24    0.000012
25    0.004618
26    1.000000
27    0.021902
28    0.003461
29    0.021902
30    0.004618
31    0.000023
32    0.000023
Name: total  iterations , dtype: float64
29 : 2021-11-16 13:43:29,659 : 

30 : 2021-11-16 13:43:29,659 : 0     0.0
1     0.0
2     0.0
3     0.0
4     0.0
5     0.0
6     0.0
7     0.0
8     0.0
9     0.0
10    0.0
11    0.0
12    0.0
13    0.0
14    0.0
15    0.0
16    0.0
17    0.0
18    0.0
19    0.0
20    0.0
21    0.0
22    0.0
23    0.0
24    0.4
25    0.3
26    0.1
27    0.2
28    0.2
29    0.2
30    1.0
31    0.8
32    0.3
Name: # of Complex Variables, dtype: float64
29 : 2021-11-16 13:43:29,665 : 

30 : 2021-11-16 13:43:29,665 : 0     0.064516
1     0.064516
2     0.064516
3     0.129032
4     0.129032
5     0.129032
6     0.193548
7     0.193548
8     0.193548
9     0.129032
10    0.129032
11    0.129032
12    0.516129
13    0.516129
14    0.516129
15    0.516129
16    0.064516
17    0.000000
18    0.096774
19    0.354839
20    1.000000
21    0.129032
22    0.161290
23    0.290323
24    0.322581
25    0.064516
26    0.225806
27    0.129032
28    0.096774
29    0.129032
30    0.225806
31    0.645161
32    0.225806
Name: CC*, dtype: float64
29 : 2021-11-16 13:43:29,669 : 

30 : 2021-11-16 13:43:29,669 : 0     0.000000
1     0.000000
2     0.000000
3     0.000000
4     0.000000
5     0.000000
6     0.000000
7     0.000000
8     0.000000
9     0.000000
10    0.000000
11    0.000000
12    0.727273
13    0.727273
14    0.727273
15    0.727273
16    0.000000
17    0.000000
18    0.181818
19    0.090909
20    0.000000
21    0.000000
22    0.000000
23    0.000000
24    0.727273
25    0.090909
26    0.181818
27    0.000000
28    0.000000
29    0.000000
30    0.636364
31    1.000000
32    0.636364
Name: function calls, dtype: float64
29 : 2021-11-16 13:43:29,674 : 

30 : 2021-11-16 13:43:29,674 : 0     0.000000
1     0.000000
2     0.000000
3     0.333333
4     0.333333
5     0.333333
6     1.000000
7     1.000000
8     1.000000
9     0.000000
10    0.000000
11    0.000000
12    1.000000
13    1.000000
14    1.000000
15    1.000000
16    0.000000
17    0.000000
18    0.000000
19    0.000000
20    1.000000
21    0.333333
22    0.666667
23    0.000000
24    0.000000
25    0.000000
26    0.333333
27    0.000000
28    0.000000
29    0.000000
30    0.000000
31    0.000000
32    0.000000
Name: branches , dtype: float64
29 : 2021-11-16 13:43:29,679 : 

30 : 2021-11-16 13:43:29,680 : 0     1
1     1
2     1
3     1
4     1
5     1
6     1
7     1
8     1
9     0
10    0
11    0
12    0
13    0
14    0
15    0
16    1
17    0
18    1
19    1
20    1
21    0
22    0
23    1
24    0
25    0
26    0
27    0
28    1
29    0
30    0
31    0
32    0
Name: SWPP, dtype: int64
29 : 2021-11-16 13:43:29,683 : 

30 : 2021-11-16 13:43:29,684 : 0     0.1
1     0.1
2     0.1
3     0.4
4     0.4
5     0.4
6     0.5
7     0.5
8     0.5
9     0.1
10    0.1
11    0.1
12    0.0
13    0.0
14    0.0
15    0.0
16    0.3
17    0.2
18    0.4
19    0.7
20    1.0
21    0.2
22    0.8
23    0.6
24    0.2
25    0.4
26    0.4
27    0.2
28    0.4
29    0.2
30    0.3
31    0.4
32    0.3
Name: Number of inputs, dtype: float64
29 : 2021-11-16 13:43:29,688 : 

30 : 2021-11-16 13:43:29,689 : 0     0.0
1     0.0
2     0.0
3     0.0
4     0.0
5     0.0
6     0.0
7     0.0
8     0.0
9     0.5
10    0.5
11    0.5
12    0.0
13    0.0
14    0.0
15    0.0
16    0.5
17    0.0
18    0.0
19    0.0
20    1.0
21    0.0
22    0.0
23    1.0
24    0.0
25    0.0
26    0.0
27    0.0
28    0.0
29    0.0
30    0.0
31    0.0
32    0.0
Name: Number of outputs, dtype: float64
29 : 2021-11-16 13:43:29,696 : 

30 : 2021-11-16 13:43:29,696 : 0     0.000000
1     0.105175
2     0.050501
3     0.051753
4     0.051753
5     0.051753
6     0.025042
7     0.000417
8     0.008765
9     0.212020
10    0.261790
11    0.281824
12    0.123122
13    0.218385
14    0.210559
15    0.248226
16    0.073873
17    0.000000
18    0.063230
19    0.039858
20    0.300918
21    0.051753
22    0.359140
23    0.086811
24    0.011686
25    1.000000
26    0.499165
27    0.248748
28    0.499165
29    0.248748
30    0.499165
31    0.011686
32    0.011686
Name: Sizes of input data (byte), dtype: float64
29 : 2021-11-16 13:43:29,700 : 

30 : 2021-11-16 13:43:29,701 : 0     0.001065
1     0.002485
2     0.005326
3     0.090538
4     0.090538
5     0.090538
6     0.045091
7     0.003195
8     0.017397
9     0.976034
10    1.000000
11    0.629682
12    0.211965
13    0.374046
14    0.360731
15    0.424818
16    0.000355
17    0.000000
18    0.005681
19    0.060004
20    0.067105
21    0.045091
22    0.000355
23    0.001065
24    0.011007
25    0.851766
26    0.851766
27    0.425706
28    0.851766
29    0.425706
30    0.851766
31    0.011007
32    0.011007
Name: Sizes of output data (byte), dtype: float64
29 : 2021-11-16 13:43:29,704 : 

30 : 2021-11-16 13:43:29,705 : 0     0.000038
1     0.006971
2     0.006648
3     0.003288
4     0.002629
5     0.001971
6     0.048281
7     0.003296
8     0.030645
9     0.008442
10    0.008442
11    0.008442
12    0.055304
13    0.055304
14    0.055304
15    0.055304
16    0.000979
17    0.000000
18    0.001744
19    0.002053
20    0.009872
21    0.001847
22    0.000013
23    0.002327
24    0.000025
25    0.002310
26    1.000000
27    0.020692
28    0.001153
29    0.020692
30    0.007454
31    0.000092
32    0.000046
Name: No. 0f iterations* statement inner, dtype: float64
29 : 2021-11-16 13:43:29,709 : 

30 : 2021-11-16 13:43:29,709 : 0     0.149149
1     0.001001
2     0.000000
3     0.000000
4     0.000000
5     0.000000
6     0.000000
7     0.000000
8     0.000000
9     0.001001
10    0.001001
11    0.001001
12    0.000000
13    0.000000
14    0.000000
15    0.000000
16    0.039039
17    1.000000
18    0.019019
19    0.003003
20    0.000000
21    0.024024
22    0.499499
23    0.000000
24    0.029029
25    0.003003
26    0.000000
27    0.005005
28    0.041041
29    0.005005
30    0.000000
31    0.168168
32    0.101101
Name: repeating time, dtype: float64
29 : 2021-11-16 13:43:29,713 : 

30 : 2021-11-16 13:43:29,713 : 0        76350
1        98386
2        47297
3        42014
4        41501
5        40297
6       159448
7        20968
8       114856
9        90436
10       90436
11       90436
12      233467
13      233478
14      233483
15      233483
16      127880
17       56000
18      159300
19       51428
20       45729
21      264125
22      121500
23       21079
24       21060
25      281724
26    10374917
27      665532
28      143766
29      659850
30      479246
31      531167
32      160038
Name: adjusted execution time, dtype: int64
