18 : 2021-11-23 18:29:14,786 : CHECK TYPE OF DF:
Unnamed: 0     object
Unnamed: 1     object
1              object
2              object
3              object
4              object
5              object
6              object
7              object
8              object
9              object
10             object
11             object
12             object
13             object
14             object
15             object
16             object
17             object
18             object
19             object
Unnamed: 21    object
Unnamed: 23    object
51 : 2021-11-23 18:29:14,818 : Names after df slice:
Unnamed: 0          Clustering w/h new attributes
Unnamed: 1                                    NaN
1                            Number of statements
2                     No. of  iterations in outer
3                     No. of  iterations in inner
4                     No. of statements in outer 
5                      No. of statements in inner
6                                 Number of loops
7                          levels of nested loops
8                              total  iterations 
9                          # of Complex Variables
10                                            CC*
11                                 function calls
12                                      branches 
13                                           SWPP
14                               Number of inputs
15                              Number of outputs
16                     Sizes of input data (byte)
17                    Sizes of output data (byte)
18             No. 0f iterations* statement inner
19                                Repeating times
Unnamed: 21               adjusted execution time
Unnamed: 23                        execution time
53 : 2021-11-23 18:29:14,826 : Names after s slice:
Unnamed: 0          Clustering w/h new attributes
Unnamed: 1                                    NaN
1                            Number of statements
2                     No. of  iterations in outer
3                     No. of  iterations in inner
4                     No. of statements in outer 
5                      No. of statements in inner
6                                 Number of loops
7                          levels of nested loops
8                              total  iterations 
9                          # of Complex Variables
10                                            CC*
11                                 function calls
12                                      branches 
13                                           SWPP
14                               Number of inputs
15                              Number of outputs
16                     Sizes of input data (byte)
17                    Sizes of output data (byte)
18             No. 0f iterations* statement inner
19                                Repeating times
Unnamed: 21               adjusted execution time
Unnamed: 23                        execution time
22 : 2021-11-23 18:29:14,834 : CHECK TYPE OF DF:
Unnamed: 0     object
Unnamed: 1     object
1              object
2              object
3              object
4              object
5              object
6              object
7              object
8              object
9              object
10             object
11             object
12             object
13             object
14             object
15             object
16             object
17             object
18             object
19             object
Unnamed: 21    object
Unnamed: 23    object
24 : 2021-11-23 18:29:14,834 : NEW COLUMN NAMES: [' Clustering w/h new attributes', nan, 'Number of statements', 'No. of  iterations in outer', 'No. of  iterations in inner', 'No. of statements in outer ', 'No. of statements in inner', 'Number of loops', 'levels of nested loops', 'total  iterations ', '# of Complex Variables', 'CC*', 'function calls', 'branches ', 'SWPP', 'Number of inputs', 'Number of outputs', 'Sizes of input data (byte)', 'Sizes of output data (byte)', 'No. 0f iterations* statement inner', 'Repeating times', ' adjusted execution time', 'execution time']
29 : 2021-11-23 18:29:14,866 : CHECK TYPE OF DF:
   Unnamed: 0                                 Unnamed: 1    1      2     3   4   5  6  7       8    9  10  11  12  13  14  15    16    17       18    19 Unnamed: 21 Unnamed: 23
1           1            Autocorrelation - Data1 (pulse)    5      8    13   3   2  1  2     100    0   3   0   0   1   2   1    16     8      200   150       76350         509
2           2             Autocorrelation - Data2 (sine)    5     16  1017   3   2  1  2   16272    0   3   0   0   1   2   1  1024    16    32544     2       98386       49193
3           3           Autocorrelation - Data3 (speech)    5     32   485   3   2  1  2   15520    0   3   0   0   1   2   1   500    32    31040     1       47297       47297
4           4    Convolutional Encoder - Data1 (xk5r2dt)   13   1024     5   5   3  2  3    5120    0   5   0   1   1   5   1   512   512    15360     1       42014       42014
5           5    Convolutional Encoder - Data2 (xk4r2dt)   13   1024     4   5   3  2  3    4096    0   5   0   1   1   5   1   512   512    12288     1       41501       41501
6           6    Convolutional Encoder - Data3 (xk3r2dt)   13   1024     3   5   3  2  3    3072    0   5   0   1   1   5   1   512   512     9216     1       40297       40297
7           7   Fixed-point Bit Allocation - Data2 (typ)   17     80   256   4  11  1  2   20480    0   7   0   3   1   6   1   256   256   225280     1      159448      159448
8           8  Fixed-point Bit Allocation - Data3 (step)   17     70    20   4  11  1  2    1400    0   7   0   3   1   6   1    20    20    15400     1       20968       20968
9           9  Fixed Point Bit Allocation - Data6 (pent)   17    130   100   4  11  1  2   13000    0   7   0   3   1   6   1   100   100   143000     1      114856      114856
10         10                   FFT/IFFT - Data1 (pulse)   22      8   352   5  14  2  3    2815    0   5   0   0   0   2   2  2048  5500    39410     2       90436       45218
11         11                     FFT/IFFT - Data2 (spn)   22      8   352   5  14  2  3    2815    0   5   0   0   0   2   2  2525  5635    39410     2       90436       45218
12         12                    FFT/IFFT - Data3 (sine)   22      8   352   5  14  2  3    2815    0   5   0   0   0   2   2  2717  3549    39410     2       90436       45218
13         13              Viterbi Decoder - Data1 (get)  167     42   128   9  48  2  2    5376    0  17   8   3   0   1   1  1196  1196   258048     1      233467      233467
14         14           Viterbi Decoder - Data2 (toggle)  167     42   128   9  48  2  2    5376    0  17   8   3   0   1   1  2109  2109   258048     1      233478      233478
15         15            Viterbi Decoder - Data3 (ones)   167     42   128   9  48  2  2    5376    0  17   8   3   0   1   1  2034  2034   258048     1      233483      233483
16         16            Viterbi Decoder - Data4 (zeros)  167     42   128   9  48  2  2    5376    0  17   8   3   0   1   1  2395  2395   258048     1      233483      233483
17         17                            FLT_filterAP_fx   11    170     9   8   3  1  2    1530    0   3   0   0   1   4   2   724     4     4590    40      127880        3197
18         18                              LPC_Chebps_fx   16      1     3   8   7  1  1       3    0   1   0   0   0   3   1    16     2       21  1000       56000          56
19         19                     LPC_autocorrelation_fx    9     17   240   3   2  1  2    4080    0   4   2   0   1   5   1   622    34     8160    20      159300        7965
20         20                       FCS_Excit_Enhance_fx   31     80    20   1   6  3  2    1600    0  12   1   0   1   8   1   398   340     9600     4       51428       12857
21         21                     LSF_Q_New_ML_search_fx   30   1152    10  14   4  5  3   11520    0  32   0   3   1  11   3  2900   380    46080     1       45729       45729
22         22                                   c_fft_fx   34      6   144   4  10  2  3     864    0   5   0   1   0   3   1   512   256     8640    25      264125       10565
23         23                    FCB_add_sub_contrib_phi   19      1     8   9  10  1  1       8    0   6   0   2   0   9   1  3458     4       80   500      121500         243
24         24                        PIT_LT_Corr_Rmax_fx   45     68    80  31   2  3  3    5440    0  10   0   0   1   7   3   848     8    10880     1       21079       21079
25         25                                         mf   10      1  1200   0   9  2  1    1200    3   3   1   0   0   5   1  9600  4800    10800    30     2112930       70431
26         26                                 soft_demap   18  57600     6   2  18  1  2  259200    1   8   2   1   0   5   1  4800  4800  4665600     1    10374917    10374917
27         27                                       ifft   40     10   568  17  17  1  3    5680    2   5   0   0   0   3   1  2400  2400    96560     4      443688      110922
28         28                                      chest   10      3   300   0   6  2  1     900    2   4   0   0   1   5   1  4800  4800     5400     1        3423        3423
29         29                                        fft   38     10   568  17  17  1  3    5680    2   5   0   0   0   3   1  2400  2400    96560     6      659850      109975
30         30                                   ant_comb   29      1  1200   0  29  1  1    1200   10   8   7   0   0   4   1  4800  4800    34800    42    20128332      479246
31         31                      cholsolve_4xX_complex   34      2     3   5  23  2  3       6    4  11   8   0   0   3   1   128    64      138     6        4212         702
32         32                    matrix_a_a_herminte_...   60      3     3   1  50  3  1       9    8  21  11   0   0   5   1   128    64      450   169      531167        3143
33         33                     matrix_mult_4xX_com...   27      3     3   1  26  1  2       9    3   8   7   0   0   4   1   128    64      234   102      160038        1569
34   8/1/2018                                        NaN    1      2     3   4   5  6  7       8  12*  13  14  15  17  18  19    20    21      22*   NaN         NaN         NaN
64 : 2021-11-23 18:29:14,874 : OLDNAMES: ['Unnamed: 0', 'Unnamed: 1', '1', '2', '3', '4', '5', '6', '7', '8', '9', '10', '11', '12', '13', '14', '15', '16', '17', '18', '19', 'Unnamed: 21', 'Unnamed: 23']
65 : 2021-11-23 18:29:14,874 : NEW NAMES: [' Clustering w/h new attributes', nan, 'Number of statements', 'No. of  iterations in outer', 'No. of  iterations in inner', 'No. of statements in outer ', 'No. of statements in inner', 'Number of loops', 'levels of nested loops', 'total  iterations ', '# of Complex Variables', 'CC*', 'function calls', 'branches ', 'SWPP', 'Number of inputs', 'Number of outputs', 'Sizes of input data (byte)', 'Sizes of output data (byte)', 'No. 0f iterations* statement inner', 'Repeating times', ' adjusted execution time', 'execution time']
34 : 2021-11-23 18:29:14,898 : CHECK TYPE OF DF:
   Unnamed: 0                                 Unnamed: 1    1      2     3   4   5  6  7       8    9  10  11  12  13  14  15    16    17       18    19 Unnamed: 21 Unnamed: 23
0           1            Autocorrelation - Data1 (pulse)    5      8    13   3   2  1  2     100    0   3   0   0   1   2   1    16     8      200   150       76350         509
1           2             Autocorrelation - Data2 (sine)    5     16  1017   3   2  1  2   16272    0   3   0   0   1   2   1  1024    16    32544     2       98386       49193
2           3           Autocorrelation - Data3 (speech)    5     32   485   3   2  1  2   15520    0   3   0   0   1   2   1   500    32    31040     1       47297       47297
3           4    Convolutional Encoder - Data1 (xk5r2dt)   13   1024     5   5   3  2  3    5120    0   5   0   1   1   5   1   512   512    15360     1       42014       42014
4           5    Convolutional Encoder - Data2 (xk4r2dt)   13   1024     4   5   3  2  3    4096    0   5   0   1   1   5   1   512   512    12288     1       41501       41501
5           6    Convolutional Encoder - Data3 (xk3r2dt)   13   1024     3   5   3  2  3    3072    0   5   0   1   1   5   1   512   512     9216     1       40297       40297
6           7   Fixed-point Bit Allocation - Data2 (typ)   17     80   256   4  11  1  2   20480    0   7   0   3   1   6   1   256   256   225280     1      159448      159448
7           8  Fixed-point Bit Allocation - Data3 (step)   17     70    20   4  11  1  2    1400    0   7   0   3   1   6   1    20    20    15400     1       20968       20968
8           9  Fixed Point Bit Allocation - Data6 (pent)   17    130   100   4  11  1  2   13000    0   7   0   3   1   6   1   100   100   143000     1      114856      114856
9          10                   FFT/IFFT - Data1 (pulse)   22      8   352   5  14  2  3    2815    0   5   0   0   0   2   2  2048  5500    39410     2       90436       45218
10         11                     FFT/IFFT - Data2 (spn)   22      8   352   5  14  2  3    2815    0   5   0   0   0   2   2  2525  5635    39410     2       90436       45218
11         12                    FFT/IFFT - Data3 (sine)   22      8   352   5  14  2  3    2815    0   5   0   0   0   2   2  2717  3549    39410     2       90436       45218
12         13              Viterbi Decoder - Data1 (get)  167     42   128   9  48  2  2    5376    0  17   8   3   0   1   1  1196  1196   258048     1      233467      233467
13         14           Viterbi Decoder - Data2 (toggle)  167     42   128   9  48  2  2    5376    0  17   8   3   0   1   1  2109  2109   258048     1      233478      233478
14         15            Viterbi Decoder - Data3 (ones)   167     42   128   9  48  2  2    5376    0  17   8   3   0   1   1  2034  2034   258048     1      233483      233483
15         16            Viterbi Decoder - Data4 (zeros)  167     42   128   9  48  2  2    5376    0  17   8   3   0   1   1  2395  2395   258048     1      233483      233483
16         17                            FLT_filterAP_fx   11    170     9   8   3  1  2    1530    0   3   0   0   1   4   2   724     4     4590    40      127880        3197
17         18                              LPC_Chebps_fx   16      1     3   8   7  1  1       3    0   1   0   0   0   3   1    16     2       21  1000       56000          56
18         19                     LPC_autocorrelation_fx    9     17   240   3   2  1  2    4080    0   4   2   0   1   5   1   622    34     8160    20      159300        7965
19         20                       FCS_Excit_Enhance_fx   31     80    20   1   6  3  2    1600    0  12   1   0   1   8   1   398   340     9600     4       51428       12857
20         21                     LSF_Q_New_ML_search_fx   30   1152    10  14   4  5  3   11520    0  32   0   3   1  11   3  2900   380    46080     1       45729       45729
21         22                                   c_fft_fx   34      6   144   4  10  2  3     864    0   5   0   1   0   3   1   512   256     8640    25      264125       10565
22         23                    FCB_add_sub_contrib_phi   19      1     8   9  10  1  1       8    0   6   0   2   0   9   1  3458     4       80   500      121500         243
23         24                        PIT_LT_Corr_Rmax_fx   45     68    80  31   2  3  3    5440    0  10   0   0   1   7   3   848     8    10880     1       21079       21079
24         25                                         mf   10      1  1200   0   9  2  1    1200    3   3   1   0   0   5   1  9600  4800    10800    30     2112930       70431
25         26                                 soft_demap   18  57600     6   2  18  1  2  259200    1   8   2   1   0   5   1  4800  4800  4665600     1    10374917    10374917
26         27                                       ifft   40     10   568  17  17  1  3    5680    2   5   0   0   0   3   1  2400  2400    96560     4      443688      110922
27         28                                      chest   10      3   300   0   6  2  1     900    2   4   0   0   1   5   1  4800  4800     5400     1        3423        3423
28         29                                        fft   38     10   568  17  17  1  3    5680    2   5   0   0   0   3   1  2400  2400    96560     6      659850      109975
29         30                                   ant_comb   29      1  1200   0  29  1  1    1200   10   8   7   0   0   4   1  4800  4800    34800    42    20128332      479246
30         31                      cholsolve_4xX_complex   34      2     3   5  23  2  3       6    4  11   8   0   0   3   1   128    64      138     6        4212         702
31         32                    matrix_a_a_herminte_...   60      3     3   1  50  3  1       9    8  21  11   0   0   5   1   128    64      450   169      531167        3143
32         33                     matrix_mult_4xX_com...   27      3     3   1  26  1  2       9    3   8   7   0   0   4   1   128    64      234   102      160038        1569
33   8/1/2018                                        NaN    1      2     3   4   5  6  7       8  12*  13  14  15  17  18  19    20    21      22*   NaN         NaN         NaN
38 : 2021-11-23 18:29:14,914 : CHECK TYPE OF DF:
 Clustering w/h new attributes        object
NaN                                   object
Number of statements                  object
No. of  iterations in outer           object
No. of  iterations in inner           object
No. of statements in outer            object
No. of statements in inner            object
Number of loops                       object
levels of nested loops                object
total  iterations                     object
# of Complex Variables                object
CC*                                   object
function calls                        object
branches                              object
SWPP                                  object
Number of inputs                      object
Number of outputs                     object
Sizes of input data (byte)            object
Sizes of output data (byte)           object
No. 0f iterations* statement inner    object
Repeating times                       object
 adjusted execution time              object
execution time                        object
39 : 2021-11-23 18:29:14,922 : defaultdict(<function ReplaceColNamesWithARow.__makeDictOfOldColNamesToNewColNames.<locals>.<lambda> at 0x000001D3A3A6EA60>, {'Unnamed: 0': ' Clustering w/h new attributes', 'Unnamed: 1': nan, '1': 'Number of statements', '2': 'No. of  iterations in outer', '3': 'No. of  iterations in inner', '4': 'No. of statements in outer ', '5': 'No. of statements in inner', '6': 'Number of loops', '7': 'levels of nested loops', '8': 'total  iterations ', '9': '# of Complex Variables', '10': 'CC*', '11': 'function calls', '12': 'branches ', '13': 'SWPP', '14': 'Number of inputs', '15': 'Number of outputs', '16': 'Sizes of input data (byte)', '17': 'Sizes of output data (byte)', '18': 'No. 0f iterations* statement inner', '19': 'Repeating times', 'Unnamed: 21': ' adjusted execution time', 'Unnamed: 23': 'execution time'})
43 : 2021-11-23 18:29:14,922 : CHECK TYPE OF DF:
 Clustering w/h new attributes        object
NaN                                   object
Number of statements                  object
No. of  iterations in outer           object
No. of  iterations in inner           object
No. of statements in outer            object
No. of statements in inner            object
Number of loops                       object
levels of nested loops                object
total  iterations                     object
# of Complex Variables                object
CC*                                   object
function calls                        object
branches                              object
SWPP                                  object
Number of inputs                      object
Number of outputs                     object
Sizes of input data (byte)            object
Sizes of output data (byte)           object
No. 0f iterations* statement inner    object
Repeating times                       object
 adjusted execution time              object
execution time                        object
44 : 2021-11-23 18:29:14,946 : CHECK DF AFTER infer:
    Clustering w/h new attributes                                        NaN Number of statements No. of  iterations in outer No. of  iterations in inner No. of statements in outer  No. of statements in inner Number of loops levels of nested loops total  iterations  # of Complex Variables CC* function calls branches  SWPP Number of inputs Number of outputs Sizes of input data (byte) Sizes of output data (byte) No. 0f iterations* statement inner Repeating times  adjusted execution time execution time
0                               1            Autocorrelation - Data1 (pulse)                    5                           8                          13                           3                          2               1                      2                100                      0   3              0         0    1                2                 1                         16                           8                                200             150                    76350            509
1                               2             Autocorrelation - Data2 (sine)                    5                          16                        1017                           3                          2               1                      2              16272                      0   3              0         0    1                2                 1                       1024                          16                              32544               2                    98386          49193
2                               3           Autocorrelation - Data3 (speech)                    5                          32                         485                           3                          2               1                      2              15520                      0   3              0         0    1                2                 1                        500                          32                              31040               1                    47297          47297
3                               4    Convolutional Encoder - Data1 (xk5r2dt)                   13                        1024                           5                           5                          3               2                      3               5120                      0   5              0         1    1                5                 1                        512                         512                              15360               1                    42014          42014
4                               5    Convolutional Encoder - Data2 (xk4r2dt)                   13                        1024                           4                           5                          3               2                      3               4096                      0   5              0         1    1                5                 1                        512                         512                              12288               1                    41501          41501
5                               6    Convolutional Encoder - Data3 (xk3r2dt)                   13                        1024                           3                           5                          3               2                      3               3072                      0   5              0         1    1                5                 1                        512                         512                               9216               1                    40297          40297
6                               7   Fixed-point Bit Allocation - Data2 (typ)                   17                          80                         256                           4                         11               1                      2              20480                      0   7              0         3    1                6                 1                        256                         256                             225280               1                   159448         159448
7                               8  Fixed-point Bit Allocation - Data3 (step)                   17                          70                          20                           4                         11               1                      2               1400                      0   7              0         3    1                6                 1                         20                          20                              15400               1                    20968          20968
8                               9  Fixed Point Bit Allocation - Data6 (pent)                   17                         130                         100                           4                         11               1                      2              13000                      0   7              0         3    1                6                 1                        100                         100                             143000               1                   114856         114856
9                              10                   FFT/IFFT - Data1 (pulse)                   22                           8                         352                           5                         14               2                      3               2815                      0   5              0         0    0                2                 2                       2048                        5500                              39410               2                    90436          45218
10                             11                     FFT/IFFT - Data2 (spn)                   22                           8                         352                           5                         14               2                      3               2815                      0   5              0         0    0                2                 2                       2525                        5635                              39410               2                    90436          45218
11                             12                    FFT/IFFT - Data3 (sine)                   22                           8                         352                           5                         14               2                      3               2815                      0   5              0         0    0                2                 2                       2717                        3549                              39410               2                    90436          45218
12                             13              Viterbi Decoder - Data1 (get)                  167                          42                         128                           9                         48               2                      2               5376                      0  17              8         3    0                1                 1                       1196                        1196                             258048               1                   233467         233467
13                             14           Viterbi Decoder - Data2 (toggle)                  167                          42                         128                           9                         48               2                      2               5376                      0  17              8         3    0                1                 1                       2109                        2109                             258048               1                   233478         233478
14                             15            Viterbi Decoder - Data3 (ones)                   167                          42                         128                           9                         48               2                      2               5376                      0  17              8         3    0                1                 1                       2034                        2034                             258048               1                   233483         233483
15                             16            Viterbi Decoder - Data4 (zeros)                  167                          42                         128                           9                         48               2                      2               5376                      0  17              8         3    0                1                 1                       2395                        2395                             258048               1                   233483         233483
16                             17                            FLT_filterAP_fx                   11                         170                           9                           8                          3               1                      2               1530                      0   3              0         0    1                4                 2                        724                           4                               4590              40                   127880           3197
17                             18                              LPC_Chebps_fx                   16                           1                           3                           8                          7               1                      1                  3                      0   1              0         0    0                3                 1                         16                           2                                 21            1000                    56000             56
18                             19                     LPC_autocorrelation_fx                    9                          17                         240                           3                          2               1                      2               4080                      0   4              2         0    1                5                 1                        622                          34                               8160              20                   159300           7965
19                             20                       FCS_Excit_Enhance_fx                   31                          80                          20                           1                          6               3                      2               1600                      0  12              1         0    1                8                 1                        398                         340                               9600               4                    51428          12857
20                             21                     LSF_Q_New_ML_search_fx                   30                        1152                          10                          14                          4               5                      3              11520                      0  32              0         3    1               11                 3                       2900                         380                              46080               1                    45729          45729
21                             22                                   c_fft_fx                   34                           6                         144                           4                         10               2                      3                864                      0   5              0         1    0                3                 1                        512                         256                               8640              25                   264125          10565
22                             23                    FCB_add_sub_contrib_phi                   19                           1                           8                           9                         10               1                      1                  8                      0   6              0         2    0                9                 1                       3458                           4                                 80             500                   121500            243
23                             24                        PIT_LT_Corr_Rmax_fx                   45                          68                          80                          31                          2               3                      3               5440                      0  10              0         0    1                7                 3                        848                           8                              10880               1                    21079          21079
24                             25                                         mf                   10                           1                        1200                           0                          9               2                      1               1200                      3   3              1         0    0                5                 1                       9600                        4800                              10800              30                  2112930          70431
25                             26                                 soft_demap                   18                       57600                           6                           2                         18               1                      2             259200                      1   8              2         1    0                5                 1                       4800                        4800                            4665600               1                 10374917       10374917
26                             27                                       ifft                   40                          10                         568                          17                         17               1                      3               5680                      2   5              0         0    0                3                 1                       2400                        2400                              96560               4                   443688         110922
27                             28                                      chest                   10                           3                         300                           0                          6               2                      1                900                      2   4              0         0    1                5                 1                       4800                        4800                               5400               1                     3423           3423
28                             29                                        fft                   38                          10                         568                          17                         17               1                      3               5680                      2   5              0         0    0                3                 1                       2400                        2400                              96560               6                   659850         109975
29                             30                                   ant_comb                   29                           1                        1200                           0                         29               1                      1               1200                     10   8              7         0    0                4                 1                       4800                        4800                              34800              42                 20128332         479246
30                             31                      cholsolve_4xX_complex                   34                           2                           3                           5                         23               2                      3                  6                      4  11              8         0    0                3                 1                        128                          64                                138               6                     4212            702
31                             32                    matrix_a_a_herminte_...                   60                           3                           3                           1                         50               3                      1                  9                      8  21             11         0    0                5                 1                        128                          64                                450             169                   531167           3143
32                             33                     matrix_mult_4xX_com...                   27                           3                           3                           1                         26               1                      2                  9                      3   8              7         0    0                4                 1                        128                          64                                234             102                   160038           1569
33                       8/1/2018                                        NaN                    1                           2                           3                           4                          5               6                      7                  8                    12*  13             14        15   17               18                19                         20                          21                                22*             NaN                      NaN            NaN
